<?xml version="1.0" encoding="UTF-8" ?>
<testsuite failures="0" time="522.935" errors="0" skipped="0" tests="84" name="com.pinnacle.cart.automation.store.cucumber.CucumberTest">
  <properties>
    <property name="java.runtime.name" value="Java(TM) SE Runtime Environment"/>
    <property name="sun.boot.library.path" value="C:\Program Files (x86)\Java\jdk1.6.0_10\jre\bin"/>
    <property name="java.vm.version" value="11.0-b12"/>
    <property name="java.vm.vendor" value="Sun Microsystems Inc."/>
    <property name="java.vendor.url" value="http://java.sun.com/"/>
    <property name="path.separator" value=";"/>
    <property name="guice.disable.misplaced.annotation.check" value="true"/>
    <property name="java.vm.name" value="Java HotSpot(TM) Client VM"/>
    <property name="file.encoding.pkg" value="sun.io"/>
    <property name="user.country" value="US"/>
    <property name="sun.java.launcher" value="SUN_STANDARD"/>
    <property name="sun.os.patch.level" value=""/>
    <property name="java.vm.specification.name" value="Java Virtual Machine Specification"/>
    <property name="user.dir" value="C:\Selenium_Automation_Projects\Pinnacle"/>
    <property name="java.runtime.version" value="1.6.0_10-beta-b25"/>
    <property name="java.awt.graphicsenv" value="sun.awt.Win32GraphicsEnvironment"/>
    <property name="java.endorsed.dirs" value="C:\Program Files (x86)\Java\jdk1.6.0_10\jre\lib\endorsed"/>
    <property name="os.arch" value="x86"/>
    <property name="java.io.tmpdir" value="C:\Users\saurabh\AppData\Local\Temp\"/>
    <property name="line.separator" value="
"/>
    <property name="java.vm.specification.vendor" value="Sun Microsystems Inc."/>
    <property name="user.variant" value=""/>
    <property name="os.name" value="Windows Vista"/>
    <property name="classworlds.conf" value="D:\apache-maven-3.0.4\bin\..\bin\m2.conf"/>
    <property name="sun.jnu.encoding" value="Cp1252"/>
    <property name="java.library.path" value="C:\Program Files (x86)\Java\jdk1.6.0_10\bin;.;C:\Windows\Sun\Java\bin;C:\Windows\system32;C:\Windows;C:\oraclexe\app\oracle\product\10.2.0\server\bin;C:\Windows\system32;C:\Windows;C:\Windows\System32\Wbem;C:\Windows\System32\WindowsPowerShell\v1.0\;c:\Program Files (x86)\Microsoft SQL Server\90\Tools\binn\;C:\Program Files (x86)\Java\jdk1.6.0_10\bin;C:\Program Files (x86)\Heroku\bin;C:\Program Files (x86)\ruby-1.9.2\bin;C:\Program Files (x86)\git\bin;C:\Program Files (x86)\git\cmd;D:\apache-maven-3.0.4\bin;"/>
    <property name="java.specification.name" value="Java Platform API Specification"/>
    <property name="java.class.version" value="50.0"/>
    <property name="sun.management.compiler" value="HotSpot Client Compiler"/>
    <property name="os.version" value="6.1"/>
    <property name="user.home" value="C:\Users\saurabh"/>
    <property name="user.timezone" value="Asia/Calcutta"/>
    <property name="java.awt.printerjob" value="sun.awt.windows.WPrinterJob"/>
    <property name="file.encoding" value="Cp1252"/>
    <property name="java.specification.version" value="1.6"/>
    <property name="user.name" value="saurabh"/>
    <property name="java.class.path" value="D:\apache-maven-3.0.4\bin\..\boot\plexus-classworlds-2.4.jar"/>
    <property name="java.vm.specification.version" value="1.0"/>
    <property name="sun.arch.data.model" value="32"/>
    <property name="java.home" value="C:\Program Files (x86)\Java\jdk1.6.0_10\jre"/>
    <property name="java.specification.vendor" value="Sun Microsystems Inc."/>
    <property name="user.language" value="en"/>
    <property name="awt.toolkit" value="sun.awt.windows.WToolkit"/>
    <property name="java.vm.info" value="mixed mode, sharing"/>
    <property name="java.version" value="1.6.0_10-beta"/>
    <property name="java.ext.dirs" value="C:\Program Files (x86)\Java\jdk1.6.0_10\jre\lib\ext;C:\Windows\Sun\Java\lib\ext"/>
    <property name="sun.boot.class.path" value="C:\Program Files (x86)\Java\jdk1.6.0_10\jre\lib\resources.jar;C:\Program Files (x86)\Java\jdk1.6.0_10\jre\lib\rt.jar;C:\Program Files (x86)\Java\jdk1.6.0_10\jre\lib\sunrsasign.jar;C:\Program Files (x86)\Java\jdk1.6.0_10\jre\lib\jsse.jar;C:\Program Files (x86)\Java\jdk1.6.0_10\jre\lib\jce.jar;C:\Program Files (x86)\Java\jdk1.6.0_10\jre\lib\charsets.jar;C:\Program Files (x86)\Java\jdk1.6.0_10\jre\classes"/>
    <property name="java.vendor" value="Sun Microsystems Inc."/>
    <property name="maven.home" value="D:\apache-maven-3.0.4\bin\.."/>
    <property name="file.separator" value="\"/>
    <property name="java.vendor.url.bug" value="http://java.sun.com/cgi-bin/bugreport.cgi"/>
    <property name="sun.cpu.endian" value="little"/>
    <property name="sun.io.unicode.encoding" value="UnicodeLittle"/>
    <property name="sun.desktop" value="windows"/>
    <property name="sun.cpu.isalist" value="pentium_pro+mmx pentium_pro pentium+mmx pentium i486 i386 i86"/>
  </properties>
  <testcase time="0" classname="Given as a guest user start a application   " name="Given as a guest user start a application   "/>
  <testcase time="0" classname="When user add an item to the cart    " name="When user add an item to the cart    "/>
  <testcase time="0" classname="And click on My Cart     " name="And click on My Cart     "/>
  <testcase time="0" classname="Then the user can see the added item to the cart      " name="Then the user can see the added item to the cart      "/>
  <testcase time="0.006" classname="Scenario: Check to see if user is able to Add an item to the cart  " name="Scenario: Check to see if user is able to Add an item to the cart  "/>
  <testcase time="0" classname="Given as a guest user start a application         " name="Given as a guest user start a application         "/>
  <testcase time="0" classname="When user add an item to the cart          " name="When user add an item to the cart          "/>
  <testcase time="0" classname="And click on My Cart           " name="And click on My Cart           "/>
  <testcase time="0" classname="Then the user can see the added item to the cart            " name="Then the user can see the added item to the cart            "/>
  <testcase time="0" classname="When user click remove under the item             " name="When user click remove under the item             "/>
  <testcase time="0" classname="Then the item should be removed              " name="Then the item should be removed              "/>
  <testcase time="0.003" classname="Scenario: Check to see if user can remove an item from the cart        " name="Scenario: Check to see if user can remove an item from the cart        "/>
  <testcase time="0" classname="Given as a guest user start a application                 " name="Given as a guest user start a application                 "/>
  <testcase time="0" classname="When user add an item to the cart                  " name="When user add an item to the cart                  "/>
  <testcase time="0" classname="And click on My Cart                   " name="And click on My Cart                   "/>
  <testcase time="0" classname="Then the user can see the added item to the cart                    " name="Then the user can see the added item to the cart                    "/>
  <testcase time="0" classname="When user click on proceed to checkout                     " name="When user click on proceed to checkout                     "/>
  <testcase time="0" classname="Then user should be redirected to the checkout page OPC                      " name="Then user should be redirected to the checkout page OPC                      "/>
  <testcase time="0.003" classname="Scenario: Test that a user can proceed to checkout                " name="Scenario: Test that a user can proceed to checkout                "/>
  <testcase time="0" classname="Given as a guest user start a application                         " name="Given as a guest user start a application                         "/>
  <testcase time="0" classname="When user add an item to the cart                          " name="When user add an item to the cart                          "/>
  <testcase time="0.001" classname="And click on My Cart                           " name="And click on My Cart                           "/>
  <testcase time="0" classname="Then the user can see the added item to the cart                            " name="Then the user can see the added item to the cart                            "/>
  <testcase time="0" classname="When user changes the quantity for the added item                             " name="When user changes the quantity for the added item                             "/>
  <testcase time="0" classname="And click on update                              " name="And click on update                              "/>
  <testcase time="0" classname="Then quantity for that item should be updated                               " name="Then quantity for that item should be updated                               "/>
  <testcase time="0" classname="And sub total should be recalculated correctly                                " name="And sub total should be recalculated correctly                                "/>
  <testcase time="0.004" classname="Scenario: Test that a user can update quantities of an item in the cart                        " name="Scenario: Test that a user can update quantities of an item in the cart                        "/>
  <testcase time="0" classname="Given as a guest user start a application                                   " name="Given as a guest user start a application                                   "/>
  <testcase time="0" classname="When user add an item to the cart                                    " name="When user add an item to the cart                                    "/>
  <testcase time="0" classname="And click on My Cart                                     " name="And click on My Cart                                     "/>
  <testcase time="0" classname="Then the user can see the added item to the cart                                      " name="Then the user can see the added item to the cart                                      "/>
  <testcase time="0.001" classname="Scenario: Test that a user can add an item to the cart\u002C and item is displayed by cart widget                                  " name="Scenario: Test that a user can add an item to the cart\u002C and item is displayed by cart widget                                  "/>
  <testcase time="0" classname="Given as a guest user start a application                                         " name="Given as a guest user start a application                                         "/>
  <testcase time="0" classname="When user add an item to the cart                                          " name="When user add an item to the cart                                          "/>
  <testcase time="0" classname="And click on My Cart                                           " name="And click on My Cart                                           "/>
  <testcase time="0" classname="Then the user can see the added item to the cart                                            " name="Then the user can see the added item to the cart                                            "/>
  <testcase time="0" classname="When user click Red X next to the item                                             " name="When user click Red X next to the item                                             "/>
  <testcase time="0" classname="Then the item should be removed                                              " name="Then the item should be removed                                              "/>
  <testcase time="0.002" classname="Scenario: Test that a user can remove an item from the cart using the cart widget                                        " name="Scenario: Test that a user can remove an item from the cart using the cart widget                                        "/>
  <testcase time="0" classname="Given that admin is login to the application                                                 " name="Given that admin is login to the application                                                 "/>
  <testcase time="0" classname="And admin navigate to active payment gateways                                                  " name="And admin navigate to active payment gateways                                                  "/>
  <testcase time="0" classname="And check custom payment methods                                                   " name="And check custom payment methods                                                   "/>
  <testcase time="0" classname="When as a guest user start a application                                                    " name="When as a guest user start a application                                                    "/>
  <testcase time="0" classname="And user add an item to the cart and place order                                                     " name="And user add an item to the cart and place order                                                     "/>
  <testcase time="0" classname="Then Ensure thank you page is displayed                                                      " name="Then Ensure thank you page is displayed                                                      "/>
  <testcase time="0" classname="When as an admin navigate to browse orders                                                       " name="When as an admin navigate to browse orders                                                       "/>
  <testcase time="0" classname="And Check the checkbox for the new order and Set New Payment Status to Received                                                        " name="And Check the checkbox for the new order and Set New Payment Status to Received                                                        "/>
  <testcase time="0" classname="And Check the checkbox for the order\u002C and Set New Order Status to Complete                                                         " name="And Check the checkbox for the order\u002C and Set New Order Status to Complete                                                         "/>
  <testcase time="0" classname="Then Ensure order complete notifications                                                          " name="Then Ensure order complete notifications                                                          "/>
  <testcase time="0.004" classname="Scenario: Test that the user can checkout using a Custom Payment Method                                                " name="Scenario: Test that the user can checkout using a Custom Payment Method                                                "/>
  <testcase time="0" classname="Given that admin is login to the application                                                             " name="Given that admin is login to the application                                                             "/>
  <testcase time="0" classname="When navigate to Categories &amp; Products to Gift Certificates                                                              " name="When navigate to Categories &amp; Products to Gift Certificates                                                              "/>
  <testcase time="0" classname="And go to Gift Certificates Settings and move to Enable Module button                                                               " name="And go to Gift Certificates Settings and move to Enable Module button                                                               "/>
  <testcase time="0" classname="Then as a guest user start a application                                                                " name="Then as a guest user start a application                                                                "/>
  <testcase time="0" classname="And navigate to Gift Certificates link                                                                 " name="And navigate to Gift Certificates link                                                                 "/>
  <testcase time="0.001" classname="When user fill the from and add item to cart                                                                  " name="When user fill the from and add item to cart                                                                  "/>
  <testcase time="0" classname="And Proceed to checkout                                                                   " name="And Proceed to checkout                                                                   "/>
  <testcase time="0" classname="Then order status should be complete\u002Cpayment received and ensure email contains Voucher code                                                                    " name="Then order status should be complete\u002Cpayment received and ensure email contains Voucher code                                                                    "/>
  <testcase time="0.002" classname="Scenario: Test that the user can purchase a gift certificate                                                            " name="Scenario: Test that the user can purchase a gift certificate                                                            "/>
  <testcase time="0" classname="Given Retrieve a voucher from previous test                                                                       " name="Given Retrieve a voucher from previous test                                                                       "/>
  <testcase time="0" classname="And as a guest user start a application                                                                        " name="And as a guest user start a application                                                                        "/>
  <testcase time="0" classname="When user add an item to cart and move to My cart                                                                         " name="When user add an item to cart and move to My cart                                                                         "/>
  <testcase time="0" classname="And Fill up billing information\u002CShipping Address and Method                                                                          " name="And Fill up billing information\u002CShipping Address and Method                                                                          "/>
  <testcase time="0.001" classname="And Fill up gift certifcate entries with voucher code                                                                           " name="And Fill up gift certifcate entries with voucher code                                                                           "/>
  <testcase time="0" classname="And If gift certificate cannot have enough payment                                                                            " name="And If gift certificate cannot have enough payment                                                                            "/>
  <testcase time="0" classname="Then use other mode of payment                                                                             " name="Then use other mode of payment                                                                             "/>
  <testcase time="0" classname="And order should be complete                                                                              " name="And order should be complete                                                                              "/>
  <testcase time="0.002" classname="Scenario: Test that a user can use a gift certificate to purchase                                                                      " name="Scenario: Test that a user can use a gift certificate to purchase                                                                      "/>
  <testcase time="0" classname="Given that admin is login to the application                                                                                 " name="Given that admin is login to the application                                                                                 "/>
  <testcase time="0" classname="When admin move to Discount\/Promo code section to enable promo codes                                                                                  " name="When admin move to Discount\/Promo code section to enable promo codes                                                                                  "/>
  <testcase time="0" classname="And creates new Promo code                                                                                   " name="And creates new Promo code                                                                                   "/>
  <testcase time="0" classname="Then promo code should be created                                                                                    " name="Then promo code should be created                                                                                    "/>
  <testcase time="0" classname="When user add items to the cart with the Promo code                                                                                     " name="When user add items to the cart with the Promo code                                                                                     "/>
  <testcase time="0" classname="Then the cart total should display the discounted correct amount                                                                                      " name="Then the cart total should display the discounted correct amount                                                                                      "/>
  <testcase time="0.001" classname="Scenario: Test that an admin can enable and create promo codes\u002C and that a user can use a promo code to receive a discount on their order                                                                                " name="Scenario: Test that an admin can enable and create promo codes\u002C and that a user can use a promo code to receive a discount on their order                                                                                "/>
  <testcase time="0" classname="Given that admin is login to the application                                                                                         " name="Given that admin is login to the application                                                                                         "/>
  <testcase time="0" classname="And move on quantity discounts                                                                                          " name="And move on quantity discounts                                                                                          "/>
  <testcase time="0" classname="When Setup a quantity discount                                                                                           " name="When Setup a quantity discount                                                                                           "/>
  <testcase time="0" classname="And as a guest user start a application                                                                                            " name="And as a guest user start a application                                                                                            "/>
  <testcase time="0" classname="And find the product and add to cart                                                                                             " name="And find the product and add to cart                                                                                             "/>
  <testcase time="0" classname="Then get the discount                                                                                              " name="Then get the discount                                                                                              "/>
  <testcase time="0" classname="And complete order and order total should be calculated correctly                                                                                               " name="And complete order and order total should be calculated correctly                                                                                               "/>
  <testcase time="0.002" classname="Scenario: Test than an admin can create product level discounts\u002C and that a user gets the correct discounts applied in their cart                                                                                        " name="Scenario: Test than an admin can create product level discounts\u002C and that a user gets the correct discounts applied in their cart                                                                                        "/>
</testsuite>